2019/12/12 02:02:16	Программа запущена
2019/12/12 02:02:16	Создаю обработчик для события завершения сбора данных
2019/12/12 02:02:16	Создаю очередь для хранения данных
2019/12/12 02:02:16	Создаю структуру для конфигурирования
2019/12/12 02:02:16	Инициализирую структуру для конфигурирования
2019/12/12 02:02:34	Не найдено ни одного модуля. Завершение
2019/12/12 02:02:34	Разрушаю потокобезопасную очередь
2019/12/12 02:02:34	Потокобезопасная очередь разрушена
2019/12/12 02:02:34	Разрушаю конфигурационную структуру
2019/12/12 02:02:34	Конфигурационная структура разрушена
2019/12/12 02:03:08	Программа запущена
2019/12/12 02:03:08	Создаю обработчик для события завершения сбора данных
2019/12/12 02:03:08	Создаю очередь для хранения данных
2019/12/12 02:03:08	Создаю структуру для конфигурирования
2019/12/12 02:03:08	Инициализирую структуру для конфигурирования
2019/12/12 02:03:34	Не найдено ни одного модуля. Завершение
2019/12/12 02:03:34	Разрушаю потокобезопасную очередь
2019/12/12 02:03:34	Потокобезопасная очередь разрушена
2019/12/12 02:03:34	Разрушаю конфигурационную структуру
2019/12/12 02:03:34	Конфигурационная структура разрушена
2019/12/12 03:51:16	Программа запущена
2019/12/12 03:51:16	Создаю обработчик для события завершения сбора данных
2019/12/12 03:51:16	Создаю очередь для хранения данных
2019/12/12 03:51:16	Создаю структуру для конфигурирования
2019/12/12 03:51:16	Инициализирую структуру для конфигурирования
2019/12/12 03:51:16	Ошибка конфигурационного файла. Заверешние
2019/12/12 03:51:16	Разрушаю потокобезопасную очередь
2019/12/12 03:51:16	Потокобезопасная очередь разрушена
2019/12/12 03:51:16	Разрушаю конфигурационную структуру
2019/12/12 03:51:16	Конфигурационная структура разрушена
2019/12/12 03:53:46	Программа запущена
2019/12/12 03:53:46	Создаю обработчик для события завершения сбора данных
2019/12/12 03:53:46	Создаю очередь для хранения данных
2019/12/12 03:53:46	Создаю структуру для конфигурирования
2019/12/12 03:53:46	Инициализирую структуру для конфигурирования
2019/12/12 03:53:46	Ошибка конфигурационного файла. Заверешние
2019/12/12 03:53:46	Разрушаю потокобезопасную очередь
2019/12/12 03:53:46	Потокобезопасная очередь разрушена
2019/12/12 03:53:46	Разрушаю конфигурационную структуру
2019/12/12 03:53:46	Конфигурационная структура разрушена
2019/12/12 03:54:07	Программа запущена
2019/12/12 03:54:07	Создаю обработчик для события завершения сбора данных
2019/12/12 03:54:07	Создаю очередь для хранения данных
2019/12/12 03:54:07	Создаю структуру для конфигурирования
2019/12/12 03:54:07	Инициализирую структуру для конфигурирования
2019/12/12 03:54:07	Ошибка конфигурационного файла. Заверешние
2019/12/12 03:54:07	Разрушаю потокобезопасную очередь
2019/12/12 03:54:07	Потокобезопасная очередь разрушена
2019/12/12 03:54:07	Разрушаю конфигурационную структуру
2019/12/12 03:54:07	Конфигурационная структура разрушена
2019/12/12 03:54:30	Программа запущена
2019/12/12 03:54:30	Создаю обработчик для события завершения сбора данных
2019/12/12 03:54:30	Создаю очередь для хранения данных
2019/12/12 03:54:30	Создаю структуру для конфигурирования
2019/12/12 03:54:30	Инициализирую структуру для конфигурирования
2019/12/12 03:54:50	Не найдено ни одного модуля. Завершение
2019/12/12 03:54:50	Разрушаю потокобезопасную очередь
2019/12/12 03:54:50	Потокобезопасная очередь разрушена
2019/12/12 03:54:50	Разрушаю конфигурационную структуру
2019/12/12 03:54:50	Конфигурационная структура разрушена
