2020/03/16 01:16:15	Программа запущена
2020/03/16 01:16:15	Создаю обработчик для события завершения сбора данных
2020/03/16 01:16:15	Создаю очередь для хранения данных
2020/03/16 01:16:15	Создаю структуру для конфигурирования
2020/03/16 01:16:15	Инициализирую структуру для конфигурирования
2020/03/16 01:16:15	Ошибка конфигурационного файла. Заверешние
2020/03/16 01:16:15	Разрушаю потокобезопасную очередь
2020/03/16 01:16:15	Потокобезопасная очередь разрушена
2020/03/16 01:16:15	Разрушаю конфигурационную структуру
2020/03/16 01:16:15	Конфигурационная структура разрушена
2020/03/16 03:13:50	Программа запущена
2020/03/16 03:13:50	Создаю обработчик для события завершения сбора данных
2020/03/16 03:13:50	Создаю очередь для хранения данных
2020/03/16 03:13:50	Создаю структуру для конфигурирования
2020/03/16 03:13:50	Инициализирую структуру для конфигурирования
2020/03/16 03:13:52	Не найдено ни одного модуля. Завершение
2020/03/16 03:13:52	Разрушаю потокобезопасную очередь
2020/03/16 03:13:52	Потокобезопасная очередь разрушена
2020/03/16 03:13:52	Разрушаю конфигурационную структуру
2020/03/16 03:13:52	Конфигурационная структура разрушена
2020/03/16 03:35:28	Программа запущена
2020/03/16 03:35:28	Создаю обработчик для события завершения сбора данных
2020/03/16 03:35:28	Создаю очередь для хранения данных
2020/03/16 03:35:28	Создаю структуру для конфигурирования
2020/03/16 03:35:28	Инициализирую структуру для конфигурирования
2020/03/16 03:35:30	Не найдено ни одного модуля. Завершение
2020/03/16 03:35:30	Разрушаю потокобезопасную очередь
2020/03/16 03:35:30	Потокобезопасная очередь разрушена
2020/03/16 03:35:30	Разрушаю конфигурационную структуру
2020/03/16 03:35:30	Конфигурационная структура разрушена
2020/03/16 03:44:49	Программа запущена
2020/03/16 03:44:49	Создаю обработчик для события завершения сбора данных
2020/03/16 03:44:49	Создаю очередь для хранения данных
2020/03/16 03:44:49	Создаю структуру для конфигурирования
2020/03/16 03:44:49	Инициализирую структуру для конфигурирования
2020/03/16 03:44:51	Не найдено ни одного модуля. Завершение
2020/03/16 03:44:51	Разрушаю потокобезопасную очередь
2020/03/16 03:44:51	Потокобезопасная очередь разрушена
2020/03/16 03:44:51	Разрушаю конфигурационную структуру
2020/03/16 03:44:51	Конфигурационная структура разрушена
